<?xml version="1.0" encoding="utf-8"?>
<CoverageSession xmlns:xsd="http://www.w3.org/2001/XMLSchema" xmlns:xsi="http://www.w3.org/2001/XMLSchema-instance" Version="4.7.922.0">
  <Summary numSequencePoints="187" visitedSequencePoints="0" numBranchPoints="21" visitedBranchPoints="0" sequenceCoverage="0" branchCoverage="0" maxCyclomaticComplexity="1" minCyclomaticComplexity="1" maxCrapScore="2" minCrapScore="2" visitedClasses="0" numClasses="10" visitedMethods="0" numMethods="21" />
  <Modules>
    <Module hash="76-7F-4B-3C-A0-E5-12-6A-33-D9-9D-EE-8D-35-5F-AD-E0-BD-C8-8C">
      <Summary numSequencePoints="187" visitedSequencePoints="0" numBranchPoints="21" visitedBranchPoints="0" sequenceCoverage="0" branchCoverage="0" maxCyclomaticComplexity="1" minCyclomaticComplexity="1" maxCrapScore="2" minCrapScore="2" visitedClasses="0" numClasses="10" visitedMethods="0" numMethods="21" />
      <ModulePath>C:\Users\User\OneDrive\Desktop\VSP\LinkListTests\bin\Debug\fine-code-coverage\build-output\LinkListTests1.dll</ModulePath>
      <ModuleTime>2023-04-12T18:37:26.2419978Z</ModuleTime>
      <ModuleName>LinkListTests1</ModuleName>
      <Files>
        <File uid="1" fullPath="C:\Users\User\OneDrive\Desktop\VSP\LinkListTests\BeginTests.cs" />
        <File uid="2" fullPath="C:\Users\User\OneDrive\Desktop\VSP\LinkListTests\CountTests.cs" />
        <File uid="3" fullPath="C:\Users\User\OneDrive\Desktop\VSP\LinkListTests\ExistTests.cs" />
        <File uid="4" fullPath="C:\Users\User\OneDrive\Desktop\VSP\LinkListTests\GetTests.cs" />
        <File uid="5" fullPath="C:\Users\User\OneDrive\Desktop\VSP\LinkListTests\LinkListConstructorNP.cs" />
        <File uid="6" fullPath="C:\Users\User\OneDrive\Desktop\VSP\LinkListTests\LinkListConstructorWP.cs" />
        <File uid="7" fullPath="C:\Users\User\OneDrive\Desktop\VSP\LinkListTests\NextTests.cs" />
        <File uid="8" fullPath="C:\Users\User\OneDrive\Desktop\VSP\LinkListTests\RemoveTests.cs" />
        <File uid="9" fullPath="C:\Users\User\OneDrive\Desktop\VSP\LinkListTests\SortTests.cs" />
        <File uid="10" fullPath="C:\Users\User\OneDrive\Desktop\VSP\LinkListTests\AddTests.cs" />
      </Files>
      <Classes>
        <Class>
          <Summary numSequencePoints="16" visitedSequencePoints="0" numBranchPoints="2" visitedBranchPoints="0" sequenceCoverage="0" branchCoverage="0" maxCyclomaticComplexity="1" minCyclomaticComplexity="1" maxCrapScore="2" minCrapScore="2" visitedClasses="0" numClasses="1" visitedMethods="0" numMethods="2" />
          <FullName>LinkListTests1.BeginTests</FullName>
          <Methods>
            <Method visited="false" cyclomaticComplexity="1" nPathComplexity="0" sequenceCoverage="0" branchCoverage="0" crapScore="2" isConstructor="false" isStatic="false" isGetter="false" isSetter="false">
              <Summary numSequencePoints="8" visitedSequencePoints="0" numBranchPoints="1" visitedBranchPoints="0" sequenceCoverage="0" branchCoverage="0" maxCyclomaticComplexity="1" minCyclomaticComplexity="1" maxCrapScore="2" minCrapScore="2" visitedClasses="0" numClasses="0" visitedMethods="0" numMethods="1" />
              <MetadataToken>100663297</MetadataToken>
              <Name>System.Void LinkListTests1.BeginTests::Begin_EqualToHead_True(System.String,System.String,System.Double,System.Boolean)</Name>
              <FileRef uid="1" />
              <SequencePoints>
                <SequencePoint vc="0" uspid="1" ordinal="0" offset="0" sl="19" sc="9" el="19" ec="10" bec="0" bev="0" fileid="1" />
                <SequencePoint vc="0" uspid="2" ordinal="1" offset="1" sl="20" sc="13" el="20" ec="54" bec="0" bev="0" fileid="1" />
                <SequencePoint vc="0" uspid="3" ordinal="2" offset="7" sl="21" sc="13" el="21" ec="50" bec="0" bev="0" fileid="1" />
                <SequencePoint vc="0" uspid="4" ordinal="3" offset="16" sl="22" sc="13" el="22" ec="29" bec="0" bev="0" fileid="1" />
                <SequencePoint vc="0" uspid="5" ordinal="4" offset="24" sl="24" sc="13" el="24" ec="26" bec="0" bev="0" fileid="1" />
                <SequencePoint vc="0" uspid="6" ordinal="5" offset="31" sl="26" sc="13" el="26" ec="51" bec="0" bev="0" fileid="1" />
                <SequencePoint vc="0" uspid="7" ordinal="6" offset="44" sl="28" sc="13" el="28" ec="47" bec="0" bev="0" fileid="1" />
                <SequencePoint vc="0" uspid="8" ordinal="7" offset="53" sl="30" sc="9" el="30" ec="10" bec="0" bev="0" fileid="1" />
              </SequencePoints>
              <BranchPoints />
              <MethodPoint xsi:type="SequencePoint" vc="0" uspid="1" ordinal="0" offset="0" sl="19" sc="9" el="19" ec="10" bec="0" bev="0" fileid="1" />
            </Method>
            <Method visited="false" cyclomaticComplexity="1" nPathComplexity="0" sequenceCoverage="0" branchCoverage="0" crapScore="2" isConstructor="false" isStatic="false" isGetter="false" isSetter="false">
              <Summary numSequencePoints="8" visitedSequencePoints="0" numBranchPoints="1" visitedBranchPoints="0" sequenceCoverage="0" branchCoverage="0" maxCyclomaticComplexity="1" minCyclomaticComplexity="1" maxCrapScore="2" minCrapScore="2" visitedClasses="0" numClasses="0" visitedMethods="0" numMethods="1" />
              <MetadataToken>100663298</MetadataToken>
              <Name>System.Void LinkListTests1.BeginTests::Begin_EqualToHead_False(System.String,System.String,System.Double,System.Boolean)</Name>
              <FileRef uid="1" />
              <SequencePoints>
                <SequencePoint vc="0" uspid="9" ordinal="0" offset="0" sl="36" sc="9" el="36" ec="10" bec="0" bev="0" fileid="1" />
                <SequencePoint vc="0" uspid="10" ordinal="1" offset="1" sl="37" sc="13" el="37" ec="54" bec="0" bev="0" fileid="1" />
                <SequencePoint vc="0" uspid="11" ordinal="2" offset="7" sl="38" sc="13" el="38" ec="50" bec="0" bev="0" fileid="1" />
                <SequencePoint vc="0" uspid="12" ordinal="3" offset="16" sl="40" sc="13" el="40" ec="28" bec="0" bev="0" fileid="1" />
                <SequencePoint vc="0" uspid="13" ordinal="4" offset="24" sl="42" sc="13" el="42" ec="26" bec="0" bev="0" fileid="1" />
                <SequencePoint vc="0" uspid="14" ordinal="5" offset="31" sl="43" sc="13" el="43" ec="51" bec="0" bev="0" fileid="1" />
                <SequencePoint vc="0" uspid="15" ordinal="6" offset="44" sl="45" sc="13" el="45" ec="46" bec="0" bev="0" fileid="1" />
                <SequencePoint vc="0" uspid="16" ordinal="7" offset="53" sl="47" sc="9" el="47" ec="10" bec="0" bev="0" fileid="1" />
              </SequencePoints>
              <BranchPoints />
              <MethodPoint xsi:type="SequencePoint" vc="0" uspid="9" ordinal="0" offset="0" sl="36" sc="9" el="36" ec="10" bec="0" bev="0" fileid="1" />
            </Method>
            <Method visited="false" cyclomaticComplexity="1" nPathComplexity="0" sequenceCoverage="0" branchCoverage="0" crapScore="2" isConstructor="true" isStatic="false" isGetter="false" isSetter="false">
              <Summary numSequencePoints="0" visitedSequencePoints="0" numBranchPoints="0" visitedBranchPoints="0" sequenceCoverage="0" branchCoverage="0" maxCyclomaticComplexity="1" minCyclomaticComplexity="1" maxCrapScore="2" minCrapScore="2" visitedClasses="0" numClasses="0" visitedMethods="0" numMethods="0" />
              <MetadataToken>100663299</MetadataToken>
              <Name>System.Void LinkListTests1.BeginTests::.ctor()</Name>
              <SequencePoints />
              <BranchPoints />
              <MethodPoint vc="0" uspid="17" ordinal="0" offset="0" />
            </Method>
          </Methods>
        </Class>
        <Class>
          <Summary numSequencePoints="16" visitedSequencePoints="0" numBranchPoints="2" visitedBranchPoints="0" sequenceCoverage="0" branchCoverage="0" maxCyclomaticComplexity="1" minCyclomaticComplexity="1" maxCrapScore="2" minCrapScore="2" visitedClasses="0" numClasses="1" visitedMethods="0" numMethods="2" />
          <FullName>LinkListTests1.CountTests</FullName>
          <Methods>
            <Method visited="false" cyclomaticComplexity="1" nPathComplexity="0" sequenceCoverage="0" branchCoverage="0" crapScore="2" isConstructor="false" isStatic="false" isGetter="false" isSetter="false">
              <Summary numSequencePoints="6" visitedSequencePoints="0" numBranchPoints="1" visitedBranchPoints="0" sequenceCoverage="0" branchCoverage="0" maxCyclomaticComplexity="1" minCyclomaticComplexity="1" maxCrapScore="2" minCrapScore="2" visitedClasses="0" numClasses="0" visitedMethods="0" numMethods="1" />
              <MetadataToken>100663300</MetadataToken>
              <Name>System.Void LinkListTests1.CountTests::Count_CountInAList_1(System.String,System.String,System.Double,System.Int32)</Name>
              <FileRef uid="2" />
              <SequencePoints>
                <SequencePoint vc="0" uspid="18" ordinal="0" offset="0" sl="19" sc="9" el="19" ec="10" bec="0" bev="0" fileid="2" />
                <SequencePoint vc="0" uspid="19" ordinal="1" offset="1" sl="20" sc="13" el="20" ec="54" bec="0" bev="0" fileid="2" />
                <SequencePoint vc="0" uspid="20" ordinal="2" offset="7" sl="21" sc="13" el="21" ec="50" bec="0" bev="0" fileid="2" />
                <SequencePoint vc="0" uspid="21" ordinal="3" offset="16" sl="23" sc="13" el="23" ec="29" bec="0" bev="0" fileid="2" />
                <SequencePoint vc="0" uspid="22" ordinal="4" offset="24" sl="25" sc="13" el="25" ec="53" bec="0" bev="0" fileid="2" />
                <SequencePoint vc="0" uspid="23" ordinal="5" offset="38" sl="27" sc="9" el="27" ec="10" bec="0" bev="0" fileid="2" />
              </SequencePoints>
              <BranchPoints />
              <MethodPoint xsi:type="SequencePoint" vc="0" uspid="18" ordinal="0" offset="0" sl="19" sc="9" el="19" ec="10" bec="0" bev="0" fileid="2" />
            </Method>
            <Method visited="false" cyclomaticComplexity="1" nPathComplexity="0" sequenceCoverage="0" branchCoverage="0" crapScore="2" isConstructor="false" isStatic="false" isGetter="false" isSetter="false">
              <Summary numSequencePoints="10" visitedSequencePoints="0" numBranchPoints="1" visitedBranchPoints="0" sequenceCoverage="0" branchCoverage="0" maxCyclomaticComplexity="1" minCyclomaticComplexity="1" maxCrapScore="2" minCrapScore="2" visitedClasses="0" numClasses="0" visitedMethods="0" numMethods="1" />
              <MetadataToken>100663301</MetadataToken>
              <Name>System.Void LinkListTests1.CountTests::Count_CountInAList_3(System.String,System.String,System.Double,System.Int32)</Name>
              <FileRef uid="2" />
              <SequencePoints>
                <SequencePoint vc="0" uspid="24" ordinal="0" offset="0" sl="33" sc="9" el="33" ec="10" bec="0" bev="0" fileid="2" />
                <SequencePoint vc="0" uspid="25" ordinal="1" offset="1" sl="34" sc="13" el="34" ec="54" bec="0" bev="0" fileid="2" />
                <SequencePoint vc="0" uspid="26" ordinal="2" offset="7" sl="35" sc="13" el="35" ec="50" bec="0" bev="0" fileid="2" />
                <SequencePoint vc="0" uspid="27" ordinal="3" offset="16" sl="36" sc="13" el="36" ec="64" bec="0" bev="0" fileid="2" />
                <SequencePoint vc="0" uspid="28" ordinal="4" offset="41" sl="37" sc="13" el="37" ec="77" bec="0" bev="0" fileid="2" />
                <SequencePoint vc="0" uspid="29" ordinal="5" offset="66" sl="39" sc="13" el="39" ec="29" bec="0" bev="0" fileid="2" />
                <SequencePoint vc="0" uspid="30" ordinal="6" offset="74" sl="40" sc="13" el="40" ec="30" bec="0" bev="0" fileid="2" />
                <SequencePoint vc="0" uspid="31" ordinal="7" offset="82" sl="41" sc="13" el="41" ec="29" bec="0" bev="0" fileid="2" />
                <SequencePoint vc="0" uspid="32" ordinal="8" offset="90" sl="43" sc="13" el="43" ec="53" bec="0" bev="0" fileid="2" />
                <SequencePoint vc="0" uspid="33" ordinal="9" offset="104" sl="45" sc="9" el="45" ec="10" bec="0" bev="0" fileid="2" />
              </SequencePoints>
              <BranchPoints />
              <MethodPoint xsi:type="SequencePoint" vc="0" uspid="24" ordinal="0" offset="0" sl="33" sc="9" el="33" ec="10" bec="0" bev="0" fileid="2" />
            </Method>
            <Method visited="false" cyclomaticComplexity="1" nPathComplexity="0" sequenceCoverage="0" branchCoverage="0" crapScore="2" isConstructor="true" isStatic="false" isGetter="false" isSetter="false">
              <Summary numSequencePoints="0" visitedSequencePoints="0" numBranchPoints="0" visitedBranchPoints="0" sequenceCoverage="0" branchCoverage="0" maxCyclomaticComplexity="1" minCyclomaticComplexity="1" maxCrapScore="2" minCrapScore="2" visitedClasses="0" numClasses="0" visitedMethods="0" numMethods="0" />
              <MetadataToken>100663302</MetadataToken>
              <Name>System.Void LinkListTests1.CountTests::.ctor()</Name>
              <SequencePoints />
              <BranchPoints />
              <MethodPoint vc="0" uspid="34" ordinal="0" offset="0" />
            </Method>
          </Methods>
        </Class>
        <Class>
          <Summary numSequencePoints="11" visitedSequencePoints="0" numBranchPoints="2" visitedBranchPoints="0" sequenceCoverage="0" branchCoverage="0" maxCyclomaticComplexity="1" minCyclomaticComplexity="1" maxCrapScore="2" minCrapScore="2" visitedClasses="0" numClasses="1" visitedMethods="0" numMethods="2" />
          <FullName>LinkListTests1.ExistTests</FullName>
          <Methods>
            <Method visited="false" cyclomaticComplexity="1" nPathComplexity="0" sequenceCoverage="0" branchCoverage="0" crapScore="2" isConstructor="false" isStatic="false" isGetter="false" isSetter="false">
              <Summary numSequencePoints="7" visitedSequencePoints="0" numBranchPoints="1" visitedBranchPoints="0" sequenceCoverage="0" branchCoverage="0" maxCyclomaticComplexity="1" minCyclomaticComplexity="1" maxCrapScore="2" minCrapScore="2" visitedClasses="0" numClasses="0" visitedMethods="0" numMethods="1" />
              <MetadataToken>100663303</MetadataToken>
              <Name>System.Void LinkListTests1.ExistTests::Exist_CurrentValueExists_True(System.String,System.String,System.Double,System.Boolean)</Name>
              <FileRef uid="3" />
              <SequencePoints>
                <SequencePoint vc="0" uspid="35" ordinal="0" offset="0" sl="19" sc="9" el="19" ec="10" bec="0" bev="0" fileid="3" />
                <SequencePoint vc="0" uspid="36" ordinal="1" offset="1" sl="20" sc="13" el="20" ec="54" bec="0" bev="0" fileid="3" />
                <SequencePoint vc="0" uspid="37" ordinal="2" offset="7" sl="21" sc="13" el="21" ec="50" bec="0" bev="0" fileid="3" />
                <SequencePoint vc="0" uspid="38" ordinal="3" offset="16" sl="23" sc="13" el="23" ec="29" bec="0" bev="0" fileid="3" />
                <SequencePoint vc="0" uspid="39" ordinal="4" offset="24" sl="25" sc="13" el="25" ec="26" bec="0" bev="0" fileid="3" />
                <SequencePoint vc="0" uspid="40" ordinal="5" offset="31" sl="27" sc="13" el="27" ec="52" bec="0" bev="0" fileid="3" />
                <SequencePoint vc="0" uspid="41" ordinal="6" offset="45" sl="29" sc="9" el="29" ec="10" bec="0" bev="0" fileid="3" />
              </SequencePoints>
              <BranchPoints />
              <MethodPoint xsi:type="SequencePoint" vc="0" uspid="35" ordinal="0" offset="0" sl="19" sc="9" el="19" ec="10" bec="0" bev="0" fileid="3" />
            </Method>
            <Method visited="false" cyclomaticComplexity="1" nPathComplexity="0" sequenceCoverage="0" branchCoverage="0" crapScore="2" isConstructor="false" isStatic="false" isGetter="false" isSetter="false">
              <Summary numSequencePoints="4" visitedSequencePoints="0" numBranchPoints="1" visitedBranchPoints="0" sequenceCoverage="0" branchCoverage="0" maxCyclomaticComplexity="1" minCyclomaticComplexity="1" maxCrapScore="2" minCrapScore="2" visitedClasses="0" numClasses="0" visitedMethods="0" numMethods="1" />
              <MetadataToken>100663304</MetadataToken>
              <Name>System.Void LinkListTests1.ExistTests::Exist_CurrentValueExists_False()</Name>
              <FileRef uid="3" />
              <SequencePoints>
                <SequencePoint vc="0" uspid="42" ordinal="0" offset="0" sl="32" sc="9" el="32" ec="10" bec="0" bev="0" fileid="3" />
                <SequencePoint vc="0" uspid="43" ordinal="1" offset="1" sl="33" sc="13" el="33" ec="54" bec="0" bev="0" fileid="3" />
                <SequencePoint vc="0" uspid="44" ordinal="2" offset="7" sl="35" sc="13" el="35" ec="50" bec="0" bev="0" fileid="3" />
                <SequencePoint vc="0" uspid="45" ordinal="3" offset="20" sl="37" sc="9" el="37" ec="10" bec="0" bev="0" fileid="3" />
              </SequencePoints>
              <BranchPoints />
              <MethodPoint xsi:type="SequencePoint" vc="0" uspid="42" ordinal="0" offset="0" sl="32" sc="9" el="32" ec="10" bec="0" bev="0" fileid="3" />
            </Method>
            <Method visited="false" cyclomaticComplexity="1" nPathComplexity="0" sequenceCoverage="0" branchCoverage="0" crapScore="2" isConstructor="true" isStatic="false" isGetter="false" isSetter="false">
              <Summary numSequencePoints="0" visitedSequencePoints="0" numBranchPoints="0" visitedBranchPoints="0" sequenceCoverage="0" branchCoverage="0" maxCyclomaticComplexity="1" minCyclomaticComplexity="1" maxCrapScore="2" minCrapScore="2" visitedClasses="0" numClasses="0" visitedMethods="0" numMethods="0" />
              <MetadataToken>100663305</MetadataToken>
              <Name>System.Void LinkListTests1.ExistTests::.ctor()</Name>
              <SequencePoints />
              <BranchPoints />
              <MethodPoint vc="0" uspid="46" ordinal="0" offset="0" />
            </Method>
          </Methods>
        </Class>
        <Class>
          <Summary numSequencePoints="16" visitedSequencePoints="0" numBranchPoints="2" visitedBranchPoints="0" sequenceCoverage="0" branchCoverage="0" maxCyclomaticComplexity="1" minCyclomaticComplexity="1" maxCrapScore="2" minCrapScore="2" visitedClasses="0" numClasses="1" visitedMethods="0" numMethods="2" />
          <FullName>LinkListTests1.GetTests</FullName>
          <Methods>
            <Method visited="false" cyclomaticComplexity="1" nPathComplexity="0" sequenceCoverage="0" branchCoverage="0" crapScore="2" isConstructor="false" isStatic="false" isGetter="false" isSetter="false">
              <Summary numSequencePoints="8" visitedSequencePoints="0" numBranchPoints="1" visitedBranchPoints="0" sequenceCoverage="0" branchCoverage="0" maxCyclomaticComplexity="1" minCyclomaticComplexity="1" maxCrapScore="2" minCrapScore="2" visitedClasses="0" numClasses="0" visitedMethods="0" numMethods="1" />
              <MetadataToken>100663306</MetadataToken>
              <Name>System.Void LinkListTests1.GetTests::Get_ReturnSameValue_True(System.String,System.String,System.Double)</Name>
              <FileRef uid="4" />
              <SequencePoints>
                <SequencePoint vc="0" uspid="47" ordinal="0" offset="0" sl="19" sc="9" el="19" ec="10" bec="0" bev="0" fileid="4" />
                <SequencePoint vc="0" uspid="48" ordinal="1" offset="1" sl="20" sc="13" el="20" ec="54" bec="0" bev="0" fileid="4" />
                <SequencePoint vc="0" uspid="49" ordinal="2" offset="7" sl="21" sc="13" el="21" ec="50" bec="0" bev="0" fileid="4" />
                <SequencePoint vc="0" uspid="50" ordinal="3" offset="16" sl="22" sc="13" el="22" ec="29" bec="0" bev="0" fileid="4" />
                <SequencePoint vc="0" uspid="51" ordinal="4" offset="24" sl="24" sc="13" el="24" ec="26" bec="0" bev="0" fileid="4" />
                <SequencePoint vc="0" uspid="52" ordinal="5" offset="31" sl="26" sc="13" el="26" ec="37" bec="0" bev="0" fileid="4" />
                <SequencePoint vc="0" uspid="53" ordinal="6" offset="38" sl="28" sc="13" el="28" ec="49" bec="0" bev="0" fileid="4" />
                <SequencePoint vc="0" uspid="54" ordinal="7" offset="51" sl="30" sc="9" el="30" ec="10" bec="0" bev="0" fileid="4" />
              </SequencePoints>
              <BranchPoints />
              <MethodPoint xsi:type="SequencePoint" vc="0" uspid="47" ordinal="0" offset="0" sl="19" sc="9" el="19" ec="10" bec="0" bev="0" fileid="4" />
            </Method>
            <Method visited="false" cyclomaticComplexity="1" nPathComplexity="0" sequenceCoverage="0" branchCoverage="0" crapScore="2" isConstructor="false" isStatic="false" isGetter="false" isSetter="false">
              <Summary numSequencePoints="8" visitedSequencePoints="0" numBranchPoints="1" visitedBranchPoints="0" sequenceCoverage="0" branchCoverage="0" maxCyclomaticComplexity="1" minCyclomaticComplexity="1" maxCrapScore="2" minCrapScore="2" visitedClasses="0" numClasses="0" visitedMethods="0" numMethods="1" />
              <MetadataToken>100663307</MetadataToken>
              <Name>System.Void LinkListTests1.GetTests::Get_ReturnSameValue_False(System.String,System.String,System.Double)</Name>
              <FileRef uid="4" />
              <SequencePoints>
                <SequencePoint vc="0" uspid="55" ordinal="0" offset="0" sl="36" sc="9" el="36" ec="10" bec="0" bev="0" fileid="4" />
                <SequencePoint vc="0" uspid="56" ordinal="1" offset="1" sl="37" sc="13" el="37" ec="54" bec="0" bev="0" fileid="4" />
                <SequencePoint vc="0" uspid="57" ordinal="2" offset="7" sl="38" sc="13" el="38" ec="50" bec="0" bev="0" fileid="4" />
                <SequencePoint vc="0" uspid="58" ordinal="3" offset="16" sl="39" sc="13" el="39" ec="29" bec="0" bev="0" fileid="4" />
                <SequencePoint vc="0" uspid="59" ordinal="4" offset="24" sl="41" sc="13" el="41" ec="26" bec="0" bev="0" fileid="4" />
                <SequencePoint vc="0" uspid="60" ordinal="5" offset="31" sl="43" sc="13" el="43" ec="31" bec="0" bev="0" fileid="4" />
                <SequencePoint vc="0" uspid="61" ordinal="6" offset="33" sl="45" sc="13" el="45" ec="55" bec="0" bev="0" fileid="4" />
                <SequencePoint vc="0" uspid="62" ordinal="7" offset="51" sl="47" sc="9" el="47" ec="10" bec="0" bev="0" fileid="4" />
              </SequencePoints>
              <BranchPoints />
              <MethodPoint xsi:type="SequencePoint" vc="0" uspid="55" ordinal="0" offset="0" sl="36" sc="9" el="36" ec="10" bec="0" bev="0" fileid="4" />
            </Method>
            <Method visited="false" cyclomaticComplexity="1" nPathComplexity="0" sequenceCoverage="0" branchCoverage="0" crapScore="2" isConstructor="true" isStatic="false" isGetter="false" isSetter="false">
              <Summary numSequencePoints="0" visitedSequencePoints="0" numBranchPoints="0" visitedBranchPoints="0" sequenceCoverage="0" branchCoverage="0" maxCyclomaticComplexity="1" minCyclomaticComplexity="1" maxCrapScore="2" minCrapScore="2" visitedClasses="0" numClasses="0" visitedMethods="0" numMethods="0" />
              <MetadataToken>100663308</MetadataToken>
              <Name>System.Void LinkListTests1.GetTests::.ctor()</Name>
              <SequencePoints />
              <BranchPoints />
              <MethodPoint vc="0" uspid="63" ordinal="0" offset="0" />
            </Method>
          </Methods>
        </Class>
        <Class>
          <Summary numSequencePoints="4" visitedSequencePoints="0" numBranchPoints="1" visitedBranchPoints="0" sequenceCoverage="0" branchCoverage="0" maxCyclomaticComplexity="1" minCyclomaticComplexity="1" maxCrapScore="2" minCrapScore="2" visitedClasses="0" numClasses="1" visitedMethods="0" numMethods="1" />
          <FullName>LinkListTests1.LinkListConstructorNP</FullName>
          <Methods>
            <Method visited="false" cyclomaticComplexity="1" nPathComplexity="0" sequenceCoverage="0" branchCoverage="0" crapScore="2" isConstructor="false" isStatic="false" isGetter="false" isSetter="false">
              <Summary numSequencePoints="4" visitedSequencePoints="0" numBranchPoints="1" visitedBranchPoints="0" sequenceCoverage="0" branchCoverage="0" maxCyclomaticComplexity="1" minCyclomaticComplexity="1" maxCrapScore="2" minCrapScore="2" visitedClasses="0" numClasses="0" visitedMethods="0" numMethods="1" />
              <MetadataToken>100663309</MetadataToken>
              <Name>System.Void LinkListTests1.LinkListConstructorNP::LinkListConstructorNoParam_CheckPrimaryListCount_0()</Name>
              <FileRef uid="5" />
              <SequencePoints>
                <SequencePoint vc="0" uspid="64" ordinal="0" offset="0" sl="16" sc="9" el="16" ec="10" bec="0" bev="0" fileid="5" />
                <SequencePoint vc="0" uspid="65" ordinal="1" offset="1" sl="17" sc="13" el="17" ec="54" bec="0" bev="0" fileid="5" />
                <SequencePoint vc="0" uspid="66" ordinal="2" offset="7" sl="19" sc="13" el="19" ec="44" bec="0" bev="0" fileid="5" />
                <SequencePoint vc="0" uspid="67" ordinal="3" offset="22" sl="21" sc="9" el="21" ec="10" bec="0" bev="0" fileid="5" />
              </SequencePoints>
              <BranchPoints />
              <MethodPoint xsi:type="SequencePoint" vc="0" uspid="64" ordinal="0" offset="0" sl="16" sc="9" el="16" ec="10" bec="0" bev="0" fileid="5" />
            </Method>
            <Method visited="false" cyclomaticComplexity="1" nPathComplexity="0" sequenceCoverage="0" branchCoverage="0" crapScore="2" isConstructor="true" isStatic="false" isGetter="false" isSetter="false">
              <Summary numSequencePoints="0" visitedSequencePoints="0" numBranchPoints="0" visitedBranchPoints="0" sequenceCoverage="0" branchCoverage="0" maxCyclomaticComplexity="1" minCyclomaticComplexity="1" maxCrapScore="2" minCrapScore="2" visitedClasses="0" numClasses="0" visitedMethods="0" numMethods="0" />
              <MetadataToken>100663310</MetadataToken>
              <Name>System.Void LinkListTests1.LinkListConstructorNP::.ctor()</Name>
              <SequencePoints />
              <BranchPoints />
              <MethodPoint vc="0" uspid="68" ordinal="0" offset="0" />
            </Method>
          </Methods>
        </Class>
        <Class>
          <Summary numSequencePoints="27" visitedSequencePoints="0" numBranchPoints="3" visitedBranchPoints="0" sequenceCoverage="0" branchCoverage="0" maxCyclomaticComplexity="1" minCyclomaticComplexity="1" maxCrapScore="2" minCrapScore="2" visitedClasses="0" numClasses="1" visitedMethods="0" numMethods="3" />
          <FullName>LinkListTests1.LinkListConstructorWP</FullName>
          <Methods>
            <Method visited="false" cyclomaticComplexity="1" nPathComplexity="0" sequenceCoverage="0" branchCoverage="0" crapScore="2" isConstructor="false" isStatic="false" isGetter="false" isSetter="false">
              <Summary numSequencePoints="7" visitedSequencePoints="0" numBranchPoints="1" visitedBranchPoints="0" sequenceCoverage="0" branchCoverage="0" maxCyclomaticComplexity="1" minCyclomaticComplexity="1" maxCrapScore="2" minCrapScore="2" visitedClasses="0" numClasses="0" visitedMethods="0" numMethods="1" />
              <MetadataToken>100663311</MetadataToken>
              <Name>System.Void LinkListTests1.LinkListConstructorWP::LinkListConstructorWithParam_CheckCountIfEqualOnBothLists_1(System.String,System.String,System.Double)</Name>
              <FileRef uid="6" />
              <SequencePoints>
                <SequencePoint vc="0" uspid="69" ordinal="0" offset="0" sl="19" sc="9" el="19" ec="10" bec="0" bev="0" fileid="6" />
                <SequencePoint vc="0" uspid="70" ordinal="1" offset="1" sl="20" sc="13" el="20" ec="55" bec="0" bev="0" fileid="6" />
                <SequencePoint vc="0" uspid="71" ordinal="2" offset="7" sl="21" sc="13" el="21" ec="50" bec="0" bev="0" fileid="6" />
                <SequencePoint vc="0" uspid="72" ordinal="3" offset="16" sl="23" sc="13" el="23" ec="30" bec="0" bev="0" fileid="6" />
                <SequencePoint vc="0" uspid="73" ordinal="4" offset="24" sl="25" sc="13" el="25" ec="60" bec="0" bev="0" fileid="6" />
                <SequencePoint vc="0" uspid="74" ordinal="5" offset="31" sl="27" sc="13" el="27" ec="59" bec="0" bev="0" fileid="6" />
                <SequencePoint vc="0" uspid="75" ordinal="6" offset="49" sl="29" sc="9" el="29" ec="10" bec="0" bev="0" fileid="6" />
              </SequencePoints>
              <BranchPoints />
              <MethodPoint xsi:type="SequencePoint" vc="0" uspid="69" ordinal="0" offset="0" sl="19" sc="9" el="19" ec="10" bec="0" bev="0" fileid="6" />
            </Method>
            <Method visited="false" cyclomaticComplexity="1" nPathComplexity="0" sequenceCoverage="0" branchCoverage="0" crapScore="2" isConstructor="false" isStatic="false" isGetter="false" isSetter="false">
              <Summary numSequencePoints="9" visitedSequencePoints="0" numBranchPoints="1" visitedBranchPoints="0" sequenceCoverage="0" branchCoverage="0" maxCyclomaticComplexity="1" minCyclomaticComplexity="1" maxCrapScore="2" minCrapScore="2" visitedClasses="0" numClasses="0" visitedMethods="0" numMethods="1" />
              <MetadataToken>100663312</MetadataToken>
              <Name>System.Void LinkListTests1.LinkListConstructorWP::LinkListConstructorWithParam_CheckCountIfEqualOnBothLists_2(System.String,System.String,System.Double)</Name>
              <FileRef uid="6" />
              <SequencePoints>
                <SequencePoint vc="0" uspid="76" ordinal="0" offset="0" sl="35" sc="9" el="35" ec="10" bec="0" bev="0" fileid="6" />
                <SequencePoint vc="0" uspid="77" ordinal="1" offset="1" sl="36" sc="13" el="36" ec="55" bec="0" bev="0" fileid="6" />
                <SequencePoint vc="0" uspid="78" ordinal="2" offset="7" sl="37" sc="13" el="37" ec="50" bec="0" bev="0" fileid="6" />
                <SequencePoint vc="0" uspid="79" ordinal="3" offset="16" sl="38" sc="13" el="38" ec="62" bec="0" bev="0" fileid="6" />
                <SequencePoint vc="0" uspid="80" ordinal="4" offset="41" sl="40" sc="13" el="40" ec="30" bec="0" bev="0" fileid="6" />
                <SequencePoint vc="0" uspid="81" ordinal="5" offset="49" sl="41" sc="13" el="41" ec="31" bec="0" bev="0" fileid="6" />
                <SequencePoint vc="0" uspid="82" ordinal="6" offset="57" sl="43" sc="13" el="43" ec="60" bec="0" bev="0" fileid="6" />
                <SequencePoint vc="0" uspid="83" ordinal="7" offset="64" sl="45" sc="13" el="45" ec="59" bec="0" bev="0" fileid="6" />
                <SequencePoint vc="0" uspid="84" ordinal="8" offset="82" sl="47" sc="9" el="47" ec="10" bec="0" bev="0" fileid="6" />
              </SequencePoints>
              <BranchPoints />
              <MethodPoint xsi:type="SequencePoint" vc="0" uspid="76" ordinal="0" offset="0" sl="35" sc="9" el="35" ec="10" bec="0" bev="0" fileid="6" />
            </Method>
            <Method visited="false" cyclomaticComplexity="1" nPathComplexity="0" sequenceCoverage="0" branchCoverage="0" crapScore="2" isConstructor="false" isStatic="false" isGetter="false" isSetter="false">
              <Summary numSequencePoints="11" visitedSequencePoints="0" numBranchPoints="1" visitedBranchPoints="0" sequenceCoverage="0" branchCoverage="0" maxCyclomaticComplexity="1" minCyclomaticComplexity="1" maxCrapScore="2" minCrapScore="2" visitedClasses="0" numClasses="0" visitedMethods="0" numMethods="1" />
              <MetadataToken>100663313</MetadataToken>
              <Name>System.Void LinkListTests1.LinkListConstructorWP::LinkListConstructorWithParam_CheckCountIfEqualOnBothLists_3(System.String,System.String,System.Double)</Name>
              <FileRef uid="6" />
              <SequencePoints>
                <SequencePoint vc="0" uspid="85" ordinal="0" offset="0" sl="53" sc="9" el="53" ec="10" bec="0" bev="0" fileid="6" />
                <SequencePoint vc="0" uspid="86" ordinal="1" offset="1" sl="54" sc="13" el="54" ec="55" bec="0" bev="0" fileid="6" />
                <SequencePoint vc="0" uspid="87" ordinal="2" offset="7" sl="55" sc="13" el="55" ec="50" bec="0" bev="0" fileid="6" />
                <SequencePoint vc="0" uspid="88" ordinal="3" offset="16" sl="56" sc="13" el="56" ec="62" bec="0" bev="0" fileid="6" />
                <SequencePoint vc="0" uspid="89" ordinal="4" offset="41" sl="57" sc="13" el="57" ec="64" bec="0" bev="0" fileid="6" />
                <SequencePoint vc="0" uspid="90" ordinal="5" offset="66" sl="59" sc="13" el="59" ec="30" bec="0" bev="0" fileid="6" />
                <SequencePoint vc="0" uspid="91" ordinal="6" offset="74" sl="60" sc="13" el="60" ec="31" bec="0" bev="0" fileid="6" />
                <SequencePoint vc="0" uspid="92" ordinal="7" offset="82" sl="61" sc="13" el="61" ec="30" bec="0" bev="0" fileid="6" />
                <SequencePoint vc="0" uspid="93" ordinal="8" offset="90" sl="63" sc="13" el="63" ec="60" bec="0" bev="0" fileid="6" />
                <SequencePoint vc="0" uspid="94" ordinal="9" offset="98" sl="65" sc="13" el="65" ec="59" bec="0" bev="0" fileid="6" />
                <SequencePoint vc="0" uspid="95" ordinal="10" offset="117" sl="67" sc="9" el="67" ec="10" bec="0" bev="0" fileid="6" />
              </SequencePoints>
              <BranchPoints />
              <MethodPoint xsi:type="SequencePoint" vc="0" uspid="85" ordinal="0" offset="0" sl="53" sc="9" el="53" ec="10" bec="0" bev="0" fileid="6" />
            </Method>
            <Method visited="false" cyclomaticComplexity="1" nPathComplexity="0" sequenceCoverage="0" branchCoverage="0" crapScore="2" isConstructor="true" isStatic="false" isGetter="false" isSetter="false">
              <Summary numSequencePoints="0" visitedSequencePoints="0" numBranchPoints="0" visitedBranchPoints="0" sequenceCoverage="0" branchCoverage="0" maxCyclomaticComplexity="1" minCyclomaticComplexity="1" maxCrapScore="2" minCrapScore="2" visitedClasses="0" numClasses="0" visitedMethods="0" numMethods="0" />
              <MetadataToken>100663314</MetadataToken>
              <Name>System.Void LinkListTests1.LinkListConstructorWP::.ctor()</Name>
              <SequencePoints />
              <BranchPoints />
              <MethodPoint vc="0" uspid="96" ordinal="0" offset="0" />
            </Method>
          </Methods>
        </Class>
        <Class>
          <Summary numSequencePoints="22" visitedSequencePoints="0" numBranchPoints="2" visitedBranchPoints="0" sequenceCoverage="0" branchCoverage="0" maxCyclomaticComplexity="1" minCyclomaticComplexity="1" maxCrapScore="2" minCrapScore="2" visitedClasses="0" numClasses="1" visitedMethods="0" numMethods="2" />
          <FullName>LinkListTests1.NextTests</FullName>
          <Methods>
            <Method visited="false" cyclomaticComplexity="1" nPathComplexity="0" sequenceCoverage="0" branchCoverage="0" crapScore="2" isConstructor="false" isStatic="false" isGetter="false" isSetter="false">
              <Summary numSequencePoints="11" visitedSequencePoints="0" numBranchPoints="1" visitedBranchPoints="0" sequenceCoverage="0" branchCoverage="0" maxCyclomaticComplexity="1" minCyclomaticComplexity="1" maxCrapScore="2" minCrapScore="2" visitedClasses="0" numClasses="0" visitedMethods="0" numMethods="1" />
              <MetadataToken>100663315</MetadataToken>
              <Name>System.Void LinkListTests1.NextTests::Next_NextValueExist_True(System.String,System.String,System.Double,System.Boolean)</Name>
              <FileRef uid="7" />
              <SequencePoints>
                <SequencePoint vc="0" uspid="97" ordinal="0" offset="0" sl="19" sc="9" el="19" ec="10" bec="0" bev="0" fileid="7" />
                <SequencePoint vc="0" uspid="98" ordinal="1" offset="1" sl="20" sc="13" el="20" ec="54" bec="0" bev="0" fileid="7" />
                <SequencePoint vc="0" uspid="99" ordinal="2" offset="7" sl="22" sc="13" el="22" ec="50" bec="0" bev="0" fileid="7" />
                <SequencePoint vc="0" uspid="100" ordinal="3" offset="16" sl="23" sc="13" el="23" ec="62" bec="0" bev="0" fileid="7" />
                <SequencePoint vc="0" uspid="101" ordinal="4" offset="41" sl="25" sc="13" el="25" ec="29" bec="0" bev="0" fileid="7" />
                <SequencePoint vc="0" uspid="102" ordinal="5" offset="49" sl="26" sc="13" el="26" ec="30" bec="0" bev="0" fileid="7" />
                <SequencePoint vc="0" uspid="103" ordinal="6" offset="57" sl="28" sc="13" el="28" ec="26" bec="0" bev="0" fileid="7" />
                <SequencePoint vc="0" uspid="104" ordinal="7" offset="64" sl="29" sc="13" el="29" ec="25" bec="0" bev="0" fileid="7" />
                <SequencePoint vc="0" uspid="105" ordinal="8" offset="71" sl="31" sc="13" el="31" ec="52" bec="0" bev="0" fileid="7" />
                <SequencePoint vc="0" uspid="106" ordinal="9" offset="84" sl="33" sc="13" el="33" ec="47" bec="0" bev="0" fileid="7" />
                <SequencePoint vc="0" uspid="107" ordinal="10" offset="93" sl="35" sc="9" el="35" ec="10" bec="0" bev="0" fileid="7" />
              </SequencePoints>
              <BranchPoints />
              <MethodPoint xsi:type="SequencePoint" vc="0" uspid="97" ordinal="0" offset="0" sl="19" sc="9" el="19" ec="10" bec="0" bev="0" fileid="7" />
            </Method>
            <Method visited="false" cyclomaticComplexity="1" nPathComplexity="0" sequenceCoverage="0" branchCoverage="0" crapScore="2" isConstructor="false" isStatic="false" isGetter="false" isSetter="false">
              <Summary numSequencePoints="11" visitedSequencePoints="0" numBranchPoints="1" visitedBranchPoints="0" sequenceCoverage="0" branchCoverage="0" maxCyclomaticComplexity="1" minCyclomaticComplexity="1" maxCrapScore="2" minCrapScore="2" visitedClasses="0" numClasses="0" visitedMethods="0" numMethods="1" />
              <MetadataToken>100663316</MetadataToken>
              <Name>System.Void LinkListTests1.NextTests::Next_NextValueExist_False(System.String,System.String,System.Double,System.Boolean)</Name>
              <FileRef uid="7" />
              <SequencePoints>
                <SequencePoint vc="0" uspid="108" ordinal="0" offset="0" sl="41" sc="9" el="41" ec="10" bec="0" bev="0" fileid="7" />
                <SequencePoint vc="0" uspid="109" ordinal="1" offset="1" sl="42" sc="13" el="42" ec="54" bec="0" bev="0" fileid="7" />
                <SequencePoint vc="0" uspid="110" ordinal="2" offset="7" sl="44" sc="13" el="44" ec="50" bec="0" bev="0" fileid="7" />
                <SequencePoint vc="0" uspid="111" ordinal="3" offset="16" sl="45" sc="13" el="45" ec="62" bec="0" bev="0" fileid="7" />
                <SequencePoint vc="0" uspid="112" ordinal="4" offset="41" sl="47" sc="13" el="47" ec="29" bec="0" bev="0" fileid="7" />
                <SequencePoint vc="0" uspid="113" ordinal="5" offset="49" sl="48" sc="13" el="48" ec="28" bec="0" bev="0" fileid="7" />
                <SequencePoint vc="0" uspid="114" ordinal="6" offset="57" sl="50" sc="13" el="50" ec="26" bec="0" bev="0" fileid="7" />
                <SequencePoint vc="0" uspid="115" ordinal="7" offset="64" sl="51" sc="13" el="51" ec="25" bec="0" bev="0" fileid="7" />
                <SequencePoint vc="0" uspid="116" ordinal="8" offset="71" sl="53" sc="13" el="53" ec="52" bec="0" bev="0" fileid="7" />
                <SequencePoint vc="0" uspid="117" ordinal="9" offset="84" sl="55" sc="13" el="55" ec="47" bec="0" bev="0" fileid="7" />
                <SequencePoint vc="0" uspid="118" ordinal="10" offset="93" sl="57" sc="9" el="57" ec="10" bec="0" bev="0" fileid="7" />
              </SequencePoints>
              <BranchPoints />
              <MethodPoint xsi:type="SequencePoint" vc="0" uspid="108" ordinal="0" offset="0" sl="41" sc="9" el="41" ec="10" bec="0" bev="0" fileid="7" />
            </Method>
            <Method visited="false" cyclomaticComplexity="1" nPathComplexity="0" sequenceCoverage="0" branchCoverage="0" crapScore="2" isConstructor="true" isStatic="false" isGetter="false" isSetter="false">
              <Summary numSequencePoints="0" visitedSequencePoints="0" numBranchPoints="0" visitedBranchPoints="0" sequenceCoverage="0" branchCoverage="0" maxCyclomaticComplexity="1" minCyclomaticComplexity="1" maxCrapScore="2" minCrapScore="2" visitedClasses="0" numClasses="0" visitedMethods="0" numMethods="0" />
              <MetadataToken>100663317</MetadataToken>
              <Name>System.Void LinkListTests1.NextTests::.ctor()</Name>
              <SequencePoints />
              <BranchPoints />
              <MethodPoint vc="0" uspid="119" ordinal="0" offset="0" />
            </Method>
          </Methods>
        </Class>
        <Class>
          <Summary numSequencePoints="37" visitedSequencePoints="0" numBranchPoints="4" visitedBranchPoints="0" sequenceCoverage="0" branchCoverage="0" maxCyclomaticComplexity="1" minCyclomaticComplexity="1" maxCrapScore="2" minCrapScore="2" visitedClasses="0" numClasses="1" visitedMethods="0" numMethods="4" />
          <FullName>LinkListTests1.RemoveTests</FullName>
          <Methods>
            <Method visited="false" cyclomaticComplexity="1" nPathComplexity="0" sequenceCoverage="0" branchCoverage="0" crapScore="2" isConstructor="false" isStatic="false" isGetter="false" isSetter="false">
              <Summary numSequencePoints="7" visitedSequencePoints="0" numBranchPoints="1" visitedBranchPoints="0" sequenceCoverage="0" branchCoverage="0" maxCyclomaticComplexity="1" minCyclomaticComplexity="1" maxCrapScore="2" minCrapScore="2" visitedClasses="0" numClasses="0" visitedMethods="0" numMethods="1" />
              <MetadataToken>100663318</MetadataToken>
              <Name>System.Void LinkListTests1.RemoveTests::Remove_CheckCountIfRemovedCorrectly_0(System.String,System.String,System.Double,System.Int32)</Name>
              <FileRef uid="8" />
              <SequencePoints>
                <SequencePoint vc="0" uspid="120" ordinal="0" offset="0" sl="19" sc="9" el="19" ec="10" bec="0" bev="0" fileid="8" />
                <SequencePoint vc="0" uspid="121" ordinal="1" offset="1" sl="20" sc="13" el="20" ec="54" bec="0" bev="0" fileid="8" />
                <SequencePoint vc="0" uspid="122" ordinal="2" offset="7" sl="21" sc="13" el="21" ec="50" bec="0" bev="0" fileid="8" />
                <SequencePoint vc="0" uspid="123" ordinal="3" offset="16" sl="23" sc="13" el="23" ec="29" bec="0" bev="0" fileid="8" />
                <SequencePoint vc="0" uspid="124" ordinal="4" offset="24" sl="25" sc="13" el="25" ec="37" bec="0" bev="0" fileid="8" />
                <SequencePoint vc="0" uspid="125" ordinal="5" offset="32" sl="27" sc="13" el="27" ec="53" bec="0" bev="0" fileid="8" />
                <SequencePoint vc="0" uspid="126" ordinal="6" offset="46" sl="29" sc="9" el="29" ec="10" bec="0" bev="0" fileid="8" />
              </SequencePoints>
              <BranchPoints />
              <MethodPoint xsi:type="SequencePoint" vc="0" uspid="120" ordinal="0" offset="0" sl="19" sc="9" el="19" ec="10" bec="0" bev="0" fileid="8" />
            </Method>
            <Method visited="false" cyclomaticComplexity="1" nPathComplexity="0" sequenceCoverage="0" branchCoverage="0" crapScore="2" isConstructor="false" isStatic="false" isGetter="false" isSetter="false">
              <Summary numSequencePoints="11" visitedSequencePoints="0" numBranchPoints="1" visitedBranchPoints="0" sequenceCoverage="0" branchCoverage="0" maxCyclomaticComplexity="1" minCyclomaticComplexity="1" maxCrapScore="2" minCrapScore="2" visitedClasses="0" numClasses="0" visitedMethods="0" numMethods="1" />
              <MetadataToken>100663319</MetadataToken>
              <Name>System.Void LinkListTests1.RemoveTests::Remove_CheckCountIfRemovedCorrectly_2(System.String,System.String,System.Double,System.Int32)</Name>
              <FileRef uid="8" />
              <SequencePoints>
                <SequencePoint vc="0" uspid="127" ordinal="0" offset="0" sl="35" sc="9" el="35" ec="10" bec="0" bev="0" fileid="8" />
                <SequencePoint vc="0" uspid="128" ordinal="1" offset="1" sl="36" sc="13" el="36" ec="54" bec="0" bev="0" fileid="8" />
                <SequencePoint vc="0" uspid="129" ordinal="2" offset="7" sl="37" sc="13" el="37" ec="50" bec="0" bev="0" fileid="8" />
                <SequencePoint vc="0" uspid="130" ordinal="3" offset="16" sl="38" sc="13" el="38" ec="62" bec="0" bev="0" fileid="8" />
                <SequencePoint vc="0" uspid="131" ordinal="4" offset="41" sl="39" sc="13" el="39" ec="64" bec="0" bev="0" fileid="8" />
                <SequencePoint vc="0" uspid="132" ordinal="5" offset="66" sl="41" sc="13" el="41" ec="29" bec="0" bev="0" fileid="8" />
                <SequencePoint vc="0" uspid="133" ordinal="6" offset="74" sl="42" sc="13" el="42" ec="30" bec="0" bev="0" fileid="8" />
                <SequencePoint vc="0" uspid="134" ordinal="7" offset="82" sl="43" sc="13" el="43" ec="29" bec="0" bev="0" fileid="8" />
                <SequencePoint vc="0" uspid="135" ordinal="8" offset="90" sl="45" sc="13" el="45" ec="37" bec="0" bev="0" fileid="8" />
                <SequencePoint vc="0" uspid="136" ordinal="9" offset="98" sl="47" sc="13" el="47" ec="53" bec="0" bev="0" fileid="8" />
                <SequencePoint vc="0" uspid="137" ordinal="10" offset="112" sl="48" sc="9" el="48" ec="10" bec="0" bev="0" fileid="8" />
              </SequencePoints>
              <BranchPoints />
              <MethodPoint xsi:type="SequencePoint" vc="0" uspid="127" ordinal="0" offset="0" sl="35" sc="9" el="35" ec="10" bec="0" bev="0" fileid="8" />
            </Method>
            <Method visited="false" cyclomaticComplexity="1" nPathComplexity="0" sequenceCoverage="0" branchCoverage="0" crapScore="2" isConstructor="false" isStatic="false" isGetter="false" isSetter="false">
              <Summary numSequencePoints="13" visitedSequencePoints="0" numBranchPoints="1" visitedBranchPoints="0" sequenceCoverage="0" branchCoverage="0" maxCyclomaticComplexity="1" minCyclomaticComplexity="1" maxCrapScore="2" minCrapScore="2" visitedClasses="0" numClasses="0" visitedMethods="0" numMethods="1" />
              <MetadataToken>100663320</MetadataToken>
              <Name>System.Void LinkListTests1.RemoveTests::Remove_CheckCountIfRemovedCorrectly_3(System.String,System.String,System.Double,System.Int32)</Name>
              <FileRef uid="8" />
              <SequencePoints>
                <SequencePoint vc="0" uspid="138" ordinal="0" offset="0" sl="54" sc="9" el="54" ec="10" bec="0" bev="0" fileid="8" />
                <SequencePoint vc="0" uspid="139" ordinal="1" offset="1" sl="55" sc="13" el="55" ec="54" bec="0" bev="0" fileid="8" />
                <SequencePoint vc="0" uspid="140" ordinal="2" offset="7" sl="56" sc="13" el="56" ec="50" bec="0" bev="0" fileid="8" />
                <SequencePoint vc="0" uspid="141" ordinal="3" offset="16" sl="57" sc="13" el="57" ec="62" bec="0" bev="0" fileid="8" />
                <SequencePoint vc="0" uspid="142" ordinal="4" offset="41" sl="58" sc="13" el="58" ec="64" bec="0" bev="0" fileid="8" />
                <SequencePoint vc="0" uspid="143" ordinal="5" offset="66" sl="59" sc="13" el="59" ec="65" bec="0" bev="0" fileid="8" />
                <SequencePoint vc="0" uspid="144" ordinal="6" offset="92" sl="61" sc="13" el="61" ec="29" bec="0" bev="0" fileid="8" />
                <SequencePoint vc="0" uspid="145" ordinal="7" offset="100" sl="62" sc="13" el="62" ec="30" bec="0" bev="0" fileid="8" />
                <SequencePoint vc="0" uspid="146" ordinal="8" offset="108" sl="63" sc="13" el="63" ec="29" bec="0" bev="0" fileid="8" />
                <SequencePoint vc="0" uspid="147" ordinal="9" offset="116" sl="64" sc="13" el="64" ec="30" bec="0" bev="0" fileid="8" />
                <SequencePoint vc="0" uspid="148" ordinal="10" offset="125" sl="66" sc="13" el="66" ec="37" bec="0" bev="0" fileid="8" />
                <SequencePoint vc="0" uspid="149" ordinal="11" offset="133" sl="68" sc="13" el="68" ec="53" bec="0" bev="0" fileid="8" />
                <SequencePoint vc="0" uspid="150" ordinal="12" offset="147" sl="69" sc="9" el="69" ec="10" bec="0" bev="0" fileid="8" />
              </SequencePoints>
              <BranchPoints />
              <MethodPoint xsi:type="SequencePoint" vc="0" uspid="138" ordinal="0" offset="0" sl="54" sc="9" el="54" ec="10" bec="0" bev="0" fileid="8" />
            </Method>
            <Method visited="false" cyclomaticComplexity="1" nPathComplexity="0" sequenceCoverage="0" branchCoverage="0" crapScore="2" isConstructor="false" isStatic="false" isGetter="false" isSetter="false">
              <Summary numSequencePoints="6" visitedSequencePoints="0" numBranchPoints="1" visitedBranchPoints="0" sequenceCoverage="0" branchCoverage="0" maxCyclomaticComplexity="1" minCyclomaticComplexity="1" maxCrapScore="2" minCrapScore="2" visitedClasses="0" numClasses="0" visitedMethods="0" numMethods="1" />
              <MetadataToken>100663321</MetadataToken>
              <Name>System.Void LinkListTests1.RemoveTests::Remove_CheckCountIfRemovedCorrectly_null()</Name>
              <FileRef uid="8" />
              <SequencePoints>
                <SequencePoint vc="0" uspid="151" ordinal="0" offset="0" sl="72" sc="9" el="72" ec="10" bec="0" bev="0" fileid="8" />
                <SequencePoint vc="0" uspid="152" ordinal="1" offset="1" sl="73" sc="13" el="73" ec="54" bec="0" bev="0" fileid="8" />
                <SequencePoint vc="0" uspid="153" ordinal="2" offset="7" sl="74" sc="13" el="74" ec="30" bec="0" bev="0" fileid="8" />
                <SequencePoint vc="0" uspid="154" ordinal="3" offset="9" sl="76" sc="13" el="76" ec="37" bec="0" bev="0" fileid="8" />
                <SequencePoint vc="0" uspid="155" ordinal="4" offset="17" sl="78" sc="13" el="78" ec="46" bec="0" bev="0" fileid="8" />
                <SequencePoint vc="0" uspid="156" ordinal="5" offset="30" sl="80" sc="9" el="80" ec="10" bec="0" bev="0" fileid="8" />
              </SequencePoints>
              <BranchPoints />
              <MethodPoint xsi:type="SequencePoint" vc="0" uspid="151" ordinal="0" offset="0" sl="72" sc="9" el="72" ec="10" bec="0" bev="0" fileid="8" />
            </Method>
            <Method visited="false" cyclomaticComplexity="1" nPathComplexity="0" sequenceCoverage="0" branchCoverage="0" crapScore="2" isConstructor="true" isStatic="false" isGetter="false" isSetter="false">
              <Summary numSequencePoints="0" visitedSequencePoints="0" numBranchPoints="0" visitedBranchPoints="0" sequenceCoverage="0" branchCoverage="0" maxCyclomaticComplexity="1" minCyclomaticComplexity="1" maxCrapScore="2" minCrapScore="2" visitedClasses="0" numClasses="0" visitedMethods="0" numMethods="0" />
              <MetadataToken>100663322</MetadataToken>
              <Name>System.Void LinkListTests1.RemoveTests::.ctor()</Name>
              <SequencePoints />
              <BranchPoints />
              <MethodPoint vc="0" uspid="157" ordinal="0" offset="0" />
            </Method>
          </Methods>
        </Class>
        <Class>
          <Summary numSequencePoints="24" visitedSequencePoints="0" numBranchPoints="1" visitedBranchPoints="0" sequenceCoverage="0" branchCoverage="0" maxCyclomaticComplexity="1" minCyclomaticComplexity="1" maxCrapScore="2" minCrapScore="2" visitedClasses="0" numClasses="1" visitedMethods="0" numMethods="1" />
          <FullName>LinkListTests1.SortTests</FullName>
          <Methods>
            <Method visited="false" cyclomaticComplexity="1" nPathComplexity="0" sequenceCoverage="0" branchCoverage="0" crapScore="2" isConstructor="false" isStatic="false" isGetter="false" isSetter="false">
              <Summary numSequencePoints="24" visitedSequencePoints="0" numBranchPoints="1" visitedBranchPoints="0" sequenceCoverage="0" branchCoverage="0" maxCyclomaticComplexity="1" minCyclomaticComplexity="1" maxCrapScore="2" minCrapScore="2" visitedClasses="0" numClasses="0" visitedMethods="0" numMethods="1" />
              <MetadataToken>100663323</MetadataToken>
              <Name>System.Void LinkListTests1.SortTests::Sort_CheckIfElementsAreSortedCorrectly_True()</Name>
              <FileRef uid="9" />
              <SequencePoints>
                <SequencePoint vc="0" uspid="158" ordinal="0" offset="0" sl="16" sc="9" el="16" ec="10" bec="0" bev="0" fileid="9" />
                <SequencePoint vc="0" uspid="159" ordinal="1" offset="1" sl="17" sc="13" el="17" ec="54" bec="0" bev="0" fileid="9" />
                <SequencePoint vc="0" uspid="160" ordinal="2" offset="7" sl="19" sc="13" el="19" ec="62" bec="0" bev="0" fileid="9" />
                <SequencePoint vc="0" uspid="161" ordinal="3" offset="32" sl="20" sc="13" el="20" ec="59" bec="0" bev="0" fileid="9" />
                <SequencePoint vc="0" uspid="162" ordinal="4" offset="57" sl="21" sc="13" el="21" ec="59" bec="0" bev="0" fileid="9" />
                <SequencePoint vc="0" uspid="163" ordinal="5" offset="82" sl="22" sc="13" el="22" ec="64" bec="0" bev="0" fileid="9" />
                <SequencePoint vc="0" uspid="164" ordinal="6" offset="108" sl="23" sc="13" el="23" ec="62" bec="0" bev="0" fileid="9" />
                <SequencePoint vc="0" uspid="165" ordinal="7" offset="134" sl="25" sc="13" el="25" ec="28" bec="0" bev="0" fileid="9" />
                <SequencePoint vc="0" uspid="166" ordinal="8" offset="142" sl="26" sc="13" el="26" ec="27" bec="0" bev="0" fileid="9" />
                <SequencePoint vc="0" uspid="167" ordinal="9" offset="150" sl="27" sc="13" el="27" ec="27" bec="0" bev="0" fileid="9" />
                <SequencePoint vc="0" uspid="168" ordinal="10" offset="158" sl="28" sc="13" el="28" ec="29" bec="0" bev="0" fileid="9" />
                <SequencePoint vc="0" uspid="169" ordinal="11" offset="167" sl="29" sc="13" el="29" ec="28" bec="0" bev="0" fileid="9" />
                <SequencePoint vc="0" uspid="170" ordinal="12" offset="176" sl="31" sc="13" el="31" ec="26" bec="0" bev="0" fileid="9" />
                <SequencePoint vc="0" uspid="171" ordinal="13" offset="183" sl="33" sc="13" el="33" ec="25" bec="0" bev="0" fileid="9" />
                <SequencePoint vc="0" uspid="172" ordinal="14" offset="190" sl="35" sc="13" el="35" ec="48" bec="0" bev="0" fileid="9" />
                <SequencePoint vc="0" uspid="173" ordinal="15" offset="204" sl="36" sc="13" el="36" ec="25" bec="0" bev="0" fileid="9" />
                <SequencePoint vc="0" uspid="174" ordinal="16" offset="211" sl="37" sc="13" el="37" ec="47" bec="0" bev="0" fileid="9" />
                <SequencePoint vc="0" uspid="175" ordinal="17" offset="224" sl="38" sc="13" el="38" ec="25" bec="0" bev="0" fileid="9" />
                <SequencePoint vc="0" uspid="176" ordinal="18" offset="231" sl="39" sc="13" el="39" ec="47" bec="0" bev="0" fileid="9" />
                <SequencePoint vc="0" uspid="177" ordinal="19" offset="245" sl="40" sc="13" el="40" ec="25" bec="0" bev="0" fileid="9" />
                <SequencePoint vc="0" uspid="178" ordinal="20" offset="252" sl="41" sc="13" el="41" ec="46" bec="0" bev="0" fileid="9" />
                <SequencePoint vc="0" uspid="179" ordinal="21" offset="265" sl="42" sc="13" el="42" ec="25" bec="0" bev="0" fileid="9" />
                <SequencePoint vc="0" uspid="180" ordinal="22" offset="272" sl="43" sc="13" el="43" ec="46" bec="0" bev="0" fileid="9" />
                <SequencePoint vc="0" uspid="181" ordinal="23" offset="285" sl="45" sc="9" el="45" ec="10" bec="0" bev="0" fileid="9" />
              </SequencePoints>
              <BranchPoints />
              <MethodPoint xsi:type="SequencePoint" vc="0" uspid="158" ordinal="0" offset="0" sl="16" sc="9" el="16" ec="10" bec="0" bev="0" fileid="9" />
            </Method>
            <Method visited="false" cyclomaticComplexity="1" nPathComplexity="0" sequenceCoverage="0" branchCoverage="0" crapScore="2" isConstructor="true" isStatic="false" isGetter="false" isSetter="false">
              <Summary numSequencePoints="0" visitedSequencePoints="0" numBranchPoints="0" visitedBranchPoints="0" sequenceCoverage="0" branchCoverage="0" maxCyclomaticComplexity="1" minCyclomaticComplexity="1" maxCrapScore="2" minCrapScore="2" visitedClasses="0" numClasses="0" visitedMethods="0" numMethods="0" />
              <MetadataToken>100663324</MetadataToken>
              <Name>System.Void LinkListTests1.SortTests::.ctor()</Name>
              <SequencePoints />
              <BranchPoints />
              <MethodPoint vc="0" uspid="182" ordinal="0" offset="0" />
            </Method>
          </Methods>
        </Class>
        <Class>
          <Summary numSequencePoints="14" visitedSequencePoints="0" numBranchPoints="2" visitedBranchPoints="0" sequenceCoverage="0" branchCoverage="0" maxCyclomaticComplexity="1" minCyclomaticComplexity="1" maxCrapScore="2" minCrapScore="2" visitedClasses="0" numClasses="1" visitedMethods="0" numMethods="2" />
          <FullName>Add.Tests.AddTests</FullName>
          <Methods>
            <Method visited="false" cyclomaticComplexity="1" nPathComplexity="0" sequenceCoverage="0" branchCoverage="0" crapScore="2" isConstructor="false" isStatic="false" isGetter="false" isSetter="false">
              <Summary numSequencePoints="6" visitedSequencePoints="0" numBranchPoints="1" visitedBranchPoints="0" sequenceCoverage="0" branchCoverage="0" maxCyclomaticComplexity="1" minCyclomaticComplexity="1" maxCrapScore="2" minCrapScore="2" visitedClasses="0" numClasses="0" visitedMethods="0" numMethods="1" />
              <MetadataToken>100663325</MetadataToken>
              <Name>System.Void Add.Tests.AddTests::Add_OneInList_1(System.String,System.String,System.Double,System.Int32)</Name>
              <FileRef uid="10" />
              <SequencePoints>
                <SequencePoint vc="0" uspid="183" ordinal="0" offset="0" sl="19" sc="9" el="19" ec="10" bec="0" bev="0" fileid="10" />
                <SequencePoint vc="0" uspid="184" ordinal="1" offset="1" sl="20" sc="13" el="20" ec="54" bec="0" bev="0" fileid="10" />
                <SequencePoint vc="0" uspid="185" ordinal="2" offset="7" sl="21" sc="13" el="21" ec="50" bec="0" bev="0" fileid="10" />
                <SequencePoint vc="0" uspid="186" ordinal="3" offset="16" sl="22" sc="13" el="22" ec="29" bec="0" bev="0" fileid="10" />
                <SequencePoint vc="0" uspid="187" ordinal="4" offset="24" sl="24" sc="13" el="24" ec="53" bec="0" bev="0" fileid="10" />
                <SequencePoint vc="0" uspid="188" ordinal="5" offset="38" sl="26" sc="9" el="26" ec="10" bec="0" bev="0" fileid="10" />
              </SequencePoints>
              <BranchPoints />
              <MethodPoint xsi:type="SequencePoint" vc="0" uspid="183" ordinal="0" offset="0" sl="19" sc="9" el="19" ec="10" bec="0" bev="0" fileid="10" />
            </Method>
            <Method visited="false" cyclomaticComplexity="1" nPathComplexity="0" sequenceCoverage="0" branchCoverage="0" crapScore="2" isConstructor="false" isStatic="false" isGetter="false" isSetter="false">
              <Summary numSequencePoints="8" visitedSequencePoints="0" numBranchPoints="1" visitedBranchPoints="0" sequenceCoverage="0" branchCoverage="0" maxCyclomaticComplexity="1" minCyclomaticComplexity="1" maxCrapScore="2" minCrapScore="2" visitedClasses="0" numClasses="0" visitedMethods="0" numMethods="1" />
              <MetadataToken>100663326</MetadataToken>
              <Name>System.Void Add.Tests.AddTests::Add_TwoInList_2(System.String,System.String,System.Double,System.Int32)</Name>
              <FileRef uid="10" />
              <SequencePoints>
                <SequencePoint vc="0" uspid="189" ordinal="0" offset="0" sl="32" sc="9" el="32" ec="10" bec="0" bev="0" fileid="10" />
                <SequencePoint vc="0" uspid="190" ordinal="1" offset="1" sl="33" sc="13" el="33" ec="54" bec="0" bev="0" fileid="10" />
                <SequencePoint vc="0" uspid="191" ordinal="2" offset="7" sl="35" sc="13" el="35" ec="50" bec="0" bev="0" fileid="10" />
                <SequencePoint vc="0" uspid="192" ordinal="3" offset="16" sl="36" sc="13" el="36" ec="62" bec="0" bev="0" fileid="10" />
                <SequencePoint vc="0" uspid="193" ordinal="4" offset="41" sl="38" sc="13" el="38" ec="29" bec="0" bev="0" fileid="10" />
                <SequencePoint vc="0" uspid="194" ordinal="5" offset="49" sl="39" sc="13" el="39" ec="30" bec="0" bev="0" fileid="10" />
                <SequencePoint vc="0" uspid="195" ordinal="6" offset="57" sl="41" sc="13" el="41" ec="53" bec="0" bev="0" fileid="10" />
                <SequencePoint vc="0" uspid="196" ordinal="7" offset="71" sl="43" sc="9" el="43" ec="10" bec="0" bev="0" fileid="10" />
              </SequencePoints>
              <BranchPoints />
              <MethodPoint xsi:type="SequencePoint" vc="0" uspid="189" ordinal="0" offset="0" sl="32" sc="9" el="32" ec="10" bec="0" bev="0" fileid="10" />
            </Method>
            <Method visited="false" cyclomaticComplexity="1" nPathComplexity="0" sequenceCoverage="0" branchCoverage="0" crapScore="2" isConstructor="true" isStatic="false" isGetter="false" isSetter="false">
              <Summary numSequencePoints="0" visitedSequencePoints="0" numBranchPoints="0" visitedBranchPoints="0" sequenceCoverage="0" branchCoverage="0" maxCyclomaticComplexity="1" minCyclomaticComplexity="1" maxCrapScore="2" minCrapScore="2" visitedClasses="0" numClasses="0" visitedMethods="0" numMethods="0" />
              <MetadataToken>100663327</MetadataToken>
              <Name>System.Void Add.Tests.AddTests::.ctor()</Name>
              <SequencePoints />
              <BranchPoints />
              <MethodPoint vc="0" uspid="197" ordinal="0" offset="0" />
            </Method>
          </Methods>
        </Class>
      </Classes>
    </Module>
  </Modules>
</CoverageSession>